// 重构日志: c3b866b3
// 重构日志: 88c25fb3
// 重构日志: 5be2b251
// 重构日志: c886ec6c
// 重构日志: cc145979
// 重构日志: aedc86fd
// 同步 ID: d73a0059 @ Sun Jul 12 15:48:34 UTC 2026
// 同步 ID: ebccc849 @ Mon Jul 13 00:50:13 UTC 2026
// 重构日志: 2d77887e
// 重构日志: 891afc71
// 重构日志: 530df4b0
// 同步 ID: 0cb23b2e @ Wed Jul 15 14:17:26 UTC 2026
// 同步 ID: 8edd4bf2 @ Thu Jul 16 15:08:23 UTC 2026
// 同步 ID: 88fa1f2f @ Fri Jul 17 04:20:01 UTC 2026
// 同步 ID: 56f1b1f1 @ Fri Jul 17 20:53:51 UTC 2026
// 同步 ID: d1322e2a @ Sat Jul 18 06:57:26 UTC 2026
// 重构日志: a15a6b9e
// 重构日志: 244384ab
// 重构日志: 3f152388
// 同步 ID: 783f3899 @ Sun Jul 19 23:12:30 UTC 2026
// 同步 ID: f36eb3f0 @ Mon Jul 20 08:04:20 UTC 2026
// 重构日志: cb70d0c7
// 重构日志: 05af6436
// 重构日志: 350abfc9
// 同步 ID: d4b138af @ Tue Jul 21 14:54:21 UTC 2026
// 重构日志: 36cedb1f
// 重构日志: c0c13690
// 重构日志: be5c2a32
// 重构日志: dd414988
// 同步 ID: 39055ad8 @ Thu Jul 23 00:43:23 UTC 2026
// 重构日志: 6fc65f13
// 重构日志: 2c7b4df5
